2022-09-25 20:47:59
New connection from 127.0.0.1:64048 -- /mnt/d/ClionProject/C++/WebServer/WebServer/Server.cpp:44
2022-09-25 20:47:59
New connection from 127.0.0.1:64049 -- /mnt/d/ClionProject/C++/WebServer/WebServer/Server.cpp:44
2022-09-25 20:47:59
Request: GET / HTTP/1.1
Host: 127.0.0.1:8888
Connection: keep-alive
sec-ch-ua: "Google Chrome";v="105", "Not)A;Brand";v="8", "Chromium";v="105"
sec-ch-ua-mobile: ?0
sec-ch-ua-platform: "Windows"
Upgrade-Insecure-Requests: 1
User-Agent: Mozilla/5.0 (Windows NT 10.0; Win64; x64) AppleWebKit/537.36 (KHTML, like Gecko) Chrome/105.0.0.0 Safari/537.36
Accept: text/html,application/xhtml+xml,application/xml;q=0.9,image/avif,image/webp,image/apng,*/*;q=0.8,application/signed-exchange;v=b3;q=0.9
Sec-Fetch-Site: none
Sec-Fetch-Mode: navigate
Sec-Fetch-User: ?1
Sec-Fetch-Dest: document
Accept-Encoding: gzip, deflate, br
Accept-Language: zh-CN,zh;q=0.9

 -- /mnt/d/ClionProject/C++/WebServer/WebServer/HttpData.cpp:160
2022-09-25 20:47:59
Request: GET /favicon.ico HTTP/1.1
Host: 127.0.0.1:8888
Connection: keep-alive
sec-ch-ua: "Google Chrome";v="105", "Not)A;Brand";v="8", "Chromium";v="105"
sec-ch-ua-mobile: ?0
User-Agent: Mozilla/5.0 (Windows NT 10.0; Win64; x64) AppleWebKit/537.36 (KHTML, like Gecko) Chrome/105.0.0.0 Safari/537.36
sec-ch-ua-platform: "Windows"
Accept: image/avif,image/webp,image/apng,image/svg+xml,image/*,*/*;q=0.8
Sec-Fetch-Site: same-origin
Sec-Fetch-Mode: no-cors
Sec-Fetch-Dest: image
Referer: http://127.0.0.1:8888/
Accept-Encoding: gzip, deflate, br
Accept-Language: zh-CN,zh;q=0.9

 -- /mnt/d/ClionProject/C++/WebServer/WebServer/HttpData.cpp:160
2022-09-28 18:56:55
New connection from 127.0.0.1:51207 -- /mnt/d/ClionProject/C++/WebServer/WebServer/Server.cpp:44
2022-09-28 18:56:55
New connection from 127.0.0.1:51208 -- /mnt/d/ClionProject/C++/WebServer/WebServer/Server.cpp:44
2022-09-28 18:56:55
Request: GET / HTTP/1.1
Host: 127.0.0.1:8888
Connection: keep-alive
sec-ch-ua: "Google Chrome";v="105", "Not)A;Brand";v="8", "Chromium";v="105"
sec-ch-ua-mobile: ?0
sec-ch-ua-platform: "Windows"
Upgrade-Insecure-Requests: 1
User-Agent: Mozilla/5.0 (Windows NT 10.0; Win64; x64) AppleWebKit/537.36 (KHTML, like Gecko) Chrome/105.0.0.0 Safari/537.36
Accept: text/html,application/xhtml+xml,application/xml;q=0.9,image/avif,image/webp,image/apng,*/*;q=0.8,application/signed-exchange;v=b3;q=0.9
Sec-Fetch-Site: none
Sec-Fetch-Mode: navigate
Sec-Fetch-User: ?1
Sec-Fetch-Dest: document
Accept-Encoding: gzip, deflate, br
Accept-Language: zh-CN,zh;q=0.9

 -- /mnt/d/ClionProject/C++/WebServer/WebServer/HttpData.cpp:160
2022-09-28 18:58:15
Request:  -- /mnt/d/ClionProject/C++/WebServer/WebServer/HttpData.cpp:160
2022-09-28 19:04:06
New connection from 127.0.0.1:51801 -- /mnt/d/ClionProject/C++/WebServer/WebServer/Server.cpp:44
2022-09-28 19:04:06
Request:   -- /mnt/d/ClionProject/C++/WebServer/WebServer/HttpData.cpp:160
2022-09-28 19:04:06
FD = 14, ****** -- /mnt/d/ClionProject/C++/WebServer/WebServer/HttpData.cpp:196
2022-09-28 19:04:08
New connection from 127.0.0.1:51806 -- /mnt/d/ClionProject/C++/WebServer/WebServer/Server.cpp:44
2022-09-28 19:04:08
Request: GET  HTTP/1.1 -- /mnt/d/ClionProject/C++/WebServer/WebServer/HttpData.cpp:160
2022-09-28 19:04:08
FD = 15,GET  HTTP/1.1****** -- /mnt/d/ClionProject/C++/WebServer/WebServer/HttpData.cpp:196
2022-09-28 19:04:10
New connection from 127.0.0.1:51807 -- /mnt/d/ClionProject/C++/WebServer/WebServer/Server.cpp:44
2022-09-28 19:04:10
Request: GET / HTTP/1.1
Host:192.168.1.3:8888
Content-Type: application/x-www-form-urlencoded
Connection: Keep-Alive

 -- /mnt/d/ClionProject/C++/WebServer/WebServer/HttpData.cpp:160
2022-10-02 19:21:39
New connection from 127.0.0.1:65313 -- /mnt/d/ClionProject/C++/WebServer/WebServer/Server.cpp:57
2022-10-02 19:21:40
New connection from 127.0.0.1:65314 -- /mnt/d/ClionProject/C++/WebServer/WebServer/Server.cpp:57
2022-10-02 19:21:40
Request: GET / HTTP/1.1
Host: 127.0.0.1:8888
Connection: keep-alive
sec-ch-ua: "Google Chrome";v="105", "Not)A;Brand";v="8", "Chromium";v="105"
sec-ch-ua-mobile: ?0
sec-ch-ua-platform: "Windows"
Upgrade-Insecure-Requests: 1
User-Agent: Mozilla/5.0 (Windows NT 10.0; Win64; x64) AppleWebKit/537.36 (KHTML, like Gecko) Chrome/105.0.0.0 Safari/537.36
Accept: text/html,application/xhtml+xml,application/xml;q=0.9,image/avif,image/webp,image/apng,*/*;q=0.8,application/signed-exchange;v=b3;q=0.9
Sec-Fetch-Site: none
Sec-Fetch-Mode: navigate
Sec-Fetch-User: ?1
Sec-Fetch-Dest: document
Accept-Encoding: gzip, deflate, br
Accept-Language: zh-CN,zh;q=0.9,en;q=0.8

 -- /mnt/d/ClionProject/C++/WebServer/WebServer/HttpData.cpp:182
2022-10-02 19:21:40
Request: GET /favicon.ico HTTP/1.1
Host: 127.0.0.1:8888
Connection: keep-alive
sec-ch-ua: "Google Chrome";v="105", "Not)A;Brand";v="8", "Chromium";v="105"
sec-ch-ua-mobile: ?0
User-Agent: Mozilla/5.0 (Windows NT 10.0; Win64; x64) AppleWebKit/537.36 (KHTML, like Gecko) Chrome/105.0.0.0 Safari/537.36
sec-ch-ua-platform: "Windows"
Accept: image/avif,image/webp,image/apng,image/svg+xml,image/*,*/*;q=0.8
Sec-Fetch-Site: same-origin
Sec-Fetch-Mode: no-cors
Sec-Fetch-Dest: image
Referer: http://127.0.0.1:8888/
Accept-Encoding: gzip, deflate, br
Accept-Language: zh-CN,zh;q=0.9,en;q=0.8

 -- /mnt/d/ClionProject/C++/WebServer/WebServer/HttpData.cpp:182
2022-10-02 19:21:47
New connection from 127.0.0.1:65316 -- /mnt/d/ClionProject/C++/WebServer/WebServer/Server.cpp:57
2022-10-02 19:21:47
Request: GET / HTTP/1.1
Host: 127.0.0.1:8888
Connection: keep-alive
Cache-Control: max-age=0
sec-ch-ua: "Google Chrome";v="105", "Not)A;Brand";v="8", "Chromium";v="105"
sec-ch-ua-mobile: ?0
sec-ch-ua-platform: "Windows"
Upgrade-Insecure-Requests: 1
User-Agent: Mozilla/5.0 (Windows NT 10.0; Win64; x64) AppleWebKit/537.36 (KHTML, like Gecko) Chrome/105.0.0.0 Safari/537.36
Accept: text/html,application/xhtml+xml,application/xml;q=0.9,image/avif,image/webp,image/apng,*/*;q=0.8,application/signed-exchange;v=b3;q=0.9
Sec-Fetch-Site: none
Sec-Fetch-Mode: navigate
Sec-Fetch-User: ?1
Sec-Fetch-Dest: document
Accept-Encoding: gzip, deflate, br
Accept-Language: zh-CN,zh;q=0.9,en;q=0.8

 -- /mnt/d/ClionProject/C++/WebServer/WebServer/HttpData.cpp:182
2022-10-02 19:21:47
Request: GET /favicon.ico HTTP/1.1
Host: 127.0.0.1:8888
Connection: keep-alive
sec-ch-ua: "Google Chrome";v="105", "Not)A;Brand";v="8", "Chromium";v="105"
sec-ch-ua-mobile: ?0
User-Agent: Mozilla/5.0 (Windows NT 10.0; Win64; x64) AppleWebKit/537.36 (KHTML, like Gecko) Chrome/105.0.0.0 Safari/537.36
sec-ch-ua-platform: "Windows"
Accept: image/avif,image/webp,image/apng,image/svg+xml,image/*,*/*;q=0.8
Sec-Fetch-Site: same-origin
Sec-Fetch-Mode: no-cors
Sec-Fetch-Dest: image
Referer: http://127.0.0.1:8888/
Accept-Encoding: gzip, deflate, br
Accept-Language: zh-CN,zh;q=0.9,en;q=0.8

 -- /mnt/d/ClionProject/C++/WebServer/WebServer/HttpData.cpp:182
